TN:
SF:vite.config.js
FN:1,(empty-report)
FNF:1
FNH:0
FNDA:0,(empty-report)
DA:1,0
DA:2,0
DA:3,0
DA:4,0
DA:5,0
DA:6,0
DA:7,0
DA:8,0
DA:9,0
DA:10,0
DA:11,0
DA:12,0
DA:13,0
DA:14,0
DA:15,0
DA:16,0
DA:17,0
DA:18,0
DA:19,0
DA:20,0
DA:21,0
DA:22,0
DA:23,0
DA:24,0
DA:25,0
LF:25
LH:0
BRDA:1,0,0,0
BRF:1
BRH:0
end_of_record
TN:
SF:src/App.jsx
FN:8,App
FN:25,handleLogin
FN:33,handleRegister
FN:41,handleLogout
FN:55,onClick
FN:61,onClick
FN:73,onClick
FN:80,onSwitchToRegister
FN:82,onSwitchToLogin
FNF:9
FNH:5
FNDA:12,App
FNDA:0,handleLogin
FNDA:0,handleRegister
FNDA:1,handleLogout
FNDA:0,onClick
FNDA:1,onClick
FNDA:2,onClick
FNDA:1,onSwitchToRegister
FNDA:0,onSwitchToLogin
DA:1,1
DA:8,12
DA:9,12
DA:10,12
DA:11,12
DA:12,12
DA:14,12
DA:15,5
DA:16,5
DA:17,1
DA:18,1
DA:19,1
DA:20,0
DA:21,0
DA:22,1
DA:23,12
DA:25,12
DA:26,0
DA:27,0
DA:28,0
DA:29,0
DA:30,0
DA:31,0
DA:33,12
DA:34,0
DA:35,0
DA:36,0
DA:37,0
DA:38,0
DA:39,0
DA:41,12
DA:42,1
DA:43,1
DA:44,1
DA:45,1
DA:46,1
DA:48,12
DA:49,12
DA:50,12
DA:51,12
DA:52,12
DA:53,12
DA:54,12
DA:55,12
DA:56,12
DA:58,12
DA:59,12
DA:60,12
DA:61,12
DA:62,12
DA:64,12
DA:65,12
DA:66,12
DA:67,12
DA:68,1
DA:69,1
DA:70,1
DA:71,1
DA:73,10
DA:75,12
DA:76,12
DA:78,12
DA:79,3
DA:80,2
DA:82,1
DA:86,12
DA:87,12
DA:88,12
DA:90,12
LF:69
LH:55
BRDA:8,0,0,12
BRDA:54,1,0,7
BRDA:54,2,0,4
BRDA:60,3,0,1
BRDA:60,4,0,10
BRDA:67,5,0,1
BRDA:71,6,0,10
BRDA:78,7,0,3
BRDA:78,8,0,3
BRDA:79,9,0,2
BRDA:80,10,0,1
BRDA:86,11,0,7
BRDA:87,12,0,1
BRDA:14,13,0,5
BRDA:16,14,0,1
BRDA:16,15,0,1
BRDA:19,16,0,0
BRDA:41,17,0,1
BRDA:61,18,0,1
BRDA:73,19,0,2
BRDA:80,20,0,1
BRF:21
BRH:20
end_of_record
TN:
SF:src/main.jsx
FN:1,(empty-report)
FNF:1
FNH:0
FNDA:0,(empty-report)
DA:1,0
DA:2,0
DA:3,0
DA:4,0
DA:6,0
DA:7,0
DA:8,0
DA:9,0
DA:10,0
LF:9
LH:0
BRDA:1,0,0,0
BRF:1
BRH:0
end_of_record
TN:
SF:src/__tests__/App.test.jsx
FNF:0
FNH:0
DA:1,1
DA:8,1
DA:9,1
DA:10,1
DA:12,1
DA:13,5
DA:14,5
DA:15,5
DA:16,5
DA:17,5
DA:19,1
DA:20,1
DA:21,1
DA:22,1
DA:23,1
DA:25,1
DA:26,1
DA:27,1
DA:28,1
DA:29,1
DA:30,1
DA:32,1
DA:33,1
DA:34,1
DA:35,1
DA:36,1
DA:37,1
DA:38,1
DA:39,1
DA:41,1
DA:42,1
DA:43,1
DA:44,1
DA:45,1
DA:46,1
DA:48,1
DA:49,1
DA:50,1
DA:52,1
DA:54,1
DA:55,1
DA:56,1
DA:58,1
DA:59,1
DA:61,1
DA:62,1
DA:63,1
LF:47
LH:47
BRDA:12,0,0,5
BRDA:19,1,0,1
BRDA:20,2,0,1
BRDA:25,3,0,1
BRDA:32,4,0,1
BRDA:41,5,0,1
BRDA:48,6,0,1
BRDA:54,7,0,1
BRF:8
BRH:8
end_of_record
TN:
SF:src/__tests__/LoginForm.test.jsx
FNF:0
FNH:0
DA:1,1
DA:2,1
DA:3,1
DA:5,1
DA:6,1
DA:7,1
DA:9,1
DA:10,1
DA:11,1
DA:12,1
DA:14,1
DA:15,1
DA:17,1
DA:18,1
DA:20,1
DA:21,1
DA:22,1
DA:24,1
DA:25,1
DA:26,1
DA:28,1
DA:29,1
DA:30,1
DA:32,1
DA:33,1
DA:34,1
DA:36,1
DA:37,1
DA:39,1
DA:40,1
DA:41,1
DA:43,1
DA:44,1
DA:45,1
DA:47,1
DA:48,1
DA:49,1
DA:50,1
LF:38
LH:38
BRDA:5,0,0,1
BRDA:6,1,0,1
BRDA:14,2,0,1
BRDA:20,3,0,1
BRDA:28,4,0,1
BRDA:39,5,0,1
BRF:6
BRH:6
end_of_record
TN:
SF:src/__tests__/ProductForm.test.jsx
FNF:0
FNH:0
DA:1,1
DA:8,1
DA:9,1
DA:11,1
DA:12,3
DA:13,1
DA:15,1
DA:16,1
DA:17,1
DA:18,1
DA:20,1
DA:21,1
DA:22,1
DA:23,1
DA:24,1
DA:25,1
DA:27,1
DA:28,1
DA:29,1
DA:30,1
DA:31,1
DA:32,1
DA:33,1
LF:23
LH:23
BRDA:8,0,0,1
BRDA:11,1,0,3
BRDA:15,2,0,1
BRDA:20,3,0,1
BRDA:27,4,0,1
BRF:5
BRH:5
end_of_record
TN:
SF:src/__tests__/ProductList.test.jsx
FNF:0
FNH:0
DA:1,1
DA:8,1
DA:9,1
DA:10,1
DA:11,1
DA:13,1
DA:14,7
DA:15,7
DA:17,1
DA:18,1
DA:19,1
DA:21,1
DA:23,1
DA:24,2
DA:25,2
DA:26,1
DA:27,1
DA:29,1
DA:30,1
DA:32,1
DA:34,1
DA:35,1
DA:36,1
DA:37,1
DA:39,1
DA:40,1
DA:42,1
DA:44,1
DA:45,1
DA:46,1
DA:47,1
DA:49,1
DA:50,1
DA:52,1
DA:54,1
DA:55,1
DA:56,1
DA:57,1
DA:59,1
DA:60,1
DA:62,1
DA:64,1
DA:65,2
DA:66,2
DA:67,2
DA:68,2
DA:69,1
DA:70,1
DA:72,1
DA:73,1
DA:75,1
DA:77,1
DA:78,2
DA:79,1
DA:80,1
DA:82,1
DA:83,1
DA:85,1
DA:87,1
DA:88,2
DA:89,2
DA:90,1
DA:91,1
DA:92,1
LF:64
LH:64
BRDA:13,0,0,7
BRDA:17,1,0,1
BRDA:18,2,0,1
BRDA:23,3,0,2
BRDA:29,4,0,1
BRDA:34,5,0,1
BRDA:39,6,0,1
BRDA:44,7,0,1
BRDA:49,8,0,1
BRDA:54,9,0,1
BRDA:59,10,0,1
BRDA:64,11,0,2
BRDA:72,12,0,1
BRDA:77,13,0,2
BRDA:82,14,0,1
BRDA:87,15,0,2
BRF:16
BRH:16
end_of_record
TN:
SF:src/__tests__/RegisterForm.test.jsx
FNF:0
FNH:0
DA:1,1
DA:2,1
DA:3,1
DA:5,1
DA:6,1
DA:7,1
DA:9,1
DA:10,1
DA:11,1
DA:12,1
DA:13,1
DA:15,1
DA:16,1
DA:18,1
DA:19,1
DA:21,1
DA:22,1
DA:23,1
DA:25,1
DA:26,1
DA:27,1
DA:29,1
DA:30,1
DA:31,1
DA:33,1
DA:34,1
DA:35,1
DA:36,1
DA:38,1
DA:39,1
DA:41,1
DA:42,1
DA:43,1
DA:45,1
DA:46,1
DA:47,1
DA:48,1
DA:50,1
DA:51,1
DA:52,1
DA:54,1
DA:55,1
DA:57,1
DA:58,1
DA:59,1
LF:45
LH:45
BRDA:5,0,0,1
BRDA:6,1,0,1
BRDA:15,2,0,1
BRDA:21,3,0,1
BRDA:29,4,0,1
BRDA:41,5,0,1
BRDA:54,6,0,1
BRF:7
BRH:7
end_of_record
TN:
SF:src/__tests__/ReviewForm.test.jsx
FNF:0
FNH:0
DA:1,1
DA:8,1
DA:9,1
DA:10,1
DA:11,1
DA:13,1
DA:14,9
DA:15,9
DA:17,1
DA:18,1
DA:19,1
DA:21,1
DA:22,1
DA:24,1
DA:25,1
DA:26,1
DA:28,1
DA:29,1
DA:31,1
DA:32,1
DA:34,1
DA:35,1
DA:36,1
DA:37,1
DA:38,1
DA:40,1
DA:41,1
DA:42,1
DA:44,1
DA:45,1
DA:46,1
DA:47,1
DA:48,1
DA:50,1
DA:51,1
DA:53,1
DA:54,1
DA:55,1
DA:57,1
DA:58,1
DA:59,1
DA:60,1
DA:62,1
DA:63,1
DA:64,1
DA:65,1
DA:66,1
DA:68,1
DA:69,2
DA:70,2
DA:71,2
DA:72,2
DA:73,2
DA:74,2
DA:75,2
DA:76,1
DA:77,1
DA:79,1
DA:80,1
DA:81,1
DA:82,1
DA:83,1
DA:85,1
DA:86,1
DA:88,1
DA:89,2
DA:90,2
DA:91,2
DA:92,2
DA:93,2
DA:94,2
DA:95,2
DA:96,1
DA:97,1
DA:99,1
DA:100,1
DA:101,1
DA:103,1
DA:104,1
DA:105,1
DA:107,1
DA:108,1
DA:109,1
DA:111,1
DA:112,1
DA:113,1
DA:115,1
DA:116,1
DA:117,1
DA:118,1
LF:90
LH:90
BRDA:13,0,0,9
BRDA:17,1,0,1
BRDA:18,2,0,1
BRDA:24,3,0,1
BRDA:31,4,0,1
BRDA:40,5,0,1
BRDA:50,6,0,1
BRDA:57,7,0,1
BRDA:68,8,0,2
BRDA:79,9,0,1
BRDA:88,10,0,2
BRDA:99,11,0,1
BRDA:111,12,0,1
BRF:13
BRH:13
end_of_record
TN:
SF:src/__tests__/ReviewList.test.jsx
FNF:0
FNH:0
DA:1,1
DA:8,1
DA:9,1
DA:10,1
DA:11,1
DA:13,1
DA:14,1
DA:15,1
DA:16,1
DA:18,1
DA:19,10
DA:20,10
DA:22,1
DA:23,1
DA:24,1
DA:25,1
DA:27,1
DA:29,1
DA:30,2
DA:31,2
DA:32,1
DA:33,1
DA:35,1
DA:36,1
DA:37,1
DA:39,1
DA:41,1
DA:42,1
DA:43,1
DA:44,1
DA:46,1
DA:47,1
DA:48,1
DA:50,1
DA:52,1
DA:53,1
DA:54,1
DA:55,1
DA:57,1
DA:58,1
DA:59,1
DA:61,1
DA:63,1
DA:64,2
DA:65,1
DA:66,1
DA:67,1
DA:69,1
DA:70,1
DA:71,1
DA:73,1
DA:75,1
DA:76,2
DA:77,2
DA:78,1
DA:79,1
DA:81,1
DA:82,1
DA:83,1
DA:85,1
DA:87,1
DA:88,2
DA:89,2
DA:90,1
DA:91,1
DA:93,1
DA:94,1
DA:95,1
DA:97,1
DA:99,1
DA:100,2
DA:101,2
DA:102,1
DA:103,1
DA:105,1
DA:106,1
DA:107,1
DA:109,1
DA:111,1
DA:112,2
DA:113,2
DA:114,2
DA:115,2
DA:116,1
DA:117,1
DA:119,1
DA:120,1
DA:121,1
DA:123,1
DA:125,1
DA:126,2
DA:127,1
DA:128,1
DA:129,1
DA:130,1
DA:132,1
DA:133,1
DA:134,1
DA:136,1
DA:138,1
DA:139,2
DA:140,1
DA:141,1
DA:142,1
LF:104
LH:104
BRDA:18,0,0,10
BRDA:22,1,0,1
BRDA:23,2,0,1
BRDA:29,3,0,2
BRDA:35,4,0,1
BRDA:41,5,0,1
BRDA:46,6,0,1
BRDA:52,7,0,1
BRDA:57,8,0,1
BRDA:63,9,0,2
BRDA:69,10,0,1
BRDA:75,11,0,2
BRDA:81,12,0,1
BRDA:87,13,0,2
BRDA:93,14,0,1
BRDA:99,15,0,2
BRDA:105,16,0,1
BRDA:111,17,0,2
BRDA:119,18,0,1
BRDA:125,19,0,2
BRDA:132,20,0,1
BRDA:138,21,0,2
BRF:22
BRH:22
end_of_record
TN:
SF:src/__tests__/apiClient.test.js
FN:24,jsonResponse
FN:28,json
FN:32,noContentResponse
FN:36,json
FN:74,json
FNF:5
FNH:4
FNDA:9,jsonResponse
FNDA:9,json
FNDA:2,noContentResponse
FNDA:0,json
FNDA:1,json
DA:1,1
DA:14,1
DA:15,1
DA:16,1
DA:17,1
DA:18,1
DA:19,1
DA:20,12
DA:21,12
DA:22,1
DA:23,1
DA:24,9
DA:25,9
DA:26,9
DA:27,9
DA:28,9
DA:29,9
DA:30,9
DA:31,1
DA:32,2
DA:33,2
DA:34,2
DA:35,2
DA:36,2
DA:37,2
DA:38,2
DA:39,1
DA:40,1
DA:41,1
DA:42,1
DA:43,1
DA:44,1
DA:45,1
DA:46,1
DA:47,1
DA:48,1
DA:49,1
DA:50,1
DA:51,1
DA:52,1
DA:53,1
DA:54,1
DA:55,1
DA:56,1
DA:57,1
DA:58,1
DA:59,1
DA:60,1
DA:61,1
DA:62,1
DA:63,1
DA:64,1
DA:65,1
DA:66,1
DA:67,1
DA:68,1
DA:69,1
DA:70,1
DA:71,1
DA:72,1
DA:73,1
DA:74,1
DA:75,1
DA:76,1
DA:77,1
DA:78,1
DA:79,1
DA:80,1
DA:81,1
DA:82,1
DA:83,1
DA:84,1
DA:85,1
DA:86,1
DA:87,1
DA:88,1
DA:89,1
DA:90,1
DA:91,1
DA:92,1
DA:93,1
DA:94,1
DA:95,1
DA:96,1
DA:97,1
DA:98,1
DA:99,1
DA:100,1
DA:101,1
DA:102,1
DA:103,1
DA:104,1
DA:105,1
DA:106,1
DA:107,1
DA:108,1
DA:109,1
DA:110,1
DA:111,1
DA:112,1
DA:113,1
DA:114,1
DA:115,1
DA:116,1
DA:117,1
DA:118,1
DA:119,1
DA:120,1
DA:121,1
DA:122,1
DA:123,1
DA:124,1
DA:125,1
DA:126,1
DA:127,1
DA:128,1
DA:129,1
DA:130,1
DA:131,1
DA:132,1
DA:133,1
DA:134,1
DA:135,1
DA:136,1
DA:137,1
DA:138,1
DA:139,1
DA:140,1
DA:141,1
DA:142,1
DA:143,1
DA:144,1
DA:145,1
DA:146,1
DA:147,1
DA:148,1
DA:149,1
DA:150,1
DA:151,1
DA:152,1
DA:153,1
DA:154,1
DA:155,1
DA:156,1
DA:157,1
DA:158,1
DA:159,1
DA:160,1
DA:161,1
DA:162,1
DA:163,1
DA:164,1
DA:165,1
DA:166,1
DA:167,1
DA:168,1
DA:169,1
DA:170,1
DA:171,1
DA:172,1
DA:173,1
DA:174,1
DA:175,1
DA:176,1
DA:177,1
DA:178,1
DA:179,1
DA:180,1
DA:181,1
DA:182,1
DA:183,1
DA:184,1
DA:185,1
DA:186,1
DA:187,1
DA:188,1
DA:189,1
DA:190,1
DA:191,1
DA:192,1
DA:193,1
DA:194,1
DA:195,1
DA:196,1
DA:197,1
DA:198,1
DA:199,1
DA:200,1
DA:201,1
DA:202,1
DA:203,1
DA:204,1
DA:205,1
DA:206,1
DA:207,1
DA:208,1
DA:209,1
DA:210,1
DA:211,1
DA:212,1
DA:213,1
DA:214,1
DA:215,1
LF:203
LH:203
BRDA:19,0,0,12
BRDA:24,1,0,9
BRDA:28,2,0,9
BRDA:32,3,0,2
BRDA:40,4,0,1
BRDA:41,5,0,1
BRDA:55,6,0,1
BRDA:69,7,0,1
BRDA:74,8,0,1
BRDA:82,9,0,1
BRDA:83,10,0,1
BRDA:98,11,0,1
BRDA:110,12,0,1
BRDA:126,13,0,1
BRDA:142,14,0,1
BRDA:156,15,0,1
BRDA:157,16,0,1
BRDA:171,17,0,1
BRDA:187,18,0,1
BRDA:203,19,0,1
BRF:20
BRH:20
end_of_record
TN:
SF:src/api/apiClient.js
FN:3,getAuthHeaders
FN:12,handleResponse
FN:23,login
FN:32,register
FN:42,getProducts
FN:49,getProduct
FN:56,createProduct
FN:65,updateProduct
FN:74,deleteProduct
FN:83,getReviews
FN:90,createReview
FN:99,updateReview
FN:108,deleteReview
FNF:13
FNH:13
FNDA:9,getAuthHeaders
FNDA:12,handleResponse
FNDA:2,login
FNDA:1,register
FNDA:1,getProducts
FNDA:1,getProduct
FNDA:1,createProduct
FNDA:1,updateProduct
FNDA:1,deleteProduct
FNDA:1,getReviews
FNDA:1,createReview
FNDA:1,updateReview
FNDA:1,deleteReview
DA:1,1
DA:3,9
DA:4,9
DA:5,9
DA:6,9
DA:7,6
DA:8,6
DA:9,9
DA:10,9
DA:12,12
DA:13,12
DA:14,1
DA:15,1
DA:16,1
DA:17,1
DA:18,12
DA:19,9
DA:20,9
DA:22,1
DA:23,1
DA:24,2
DA:25,2
DA:26,2
DA:27,2
DA:28,2
DA:29,2
DA:30,2
DA:32,1
DA:33,1
DA:34,1
DA:35,1
DA:36,1
DA:37,1
DA:38,1
DA:39,1
DA:41,1
DA:42,1
DA:43,1
DA:44,1
DA:45,1
DA:46,1
DA:47,1
DA:49,1
DA:50,1
DA:51,1
DA:52,1
DA:53,1
DA:54,1
DA:56,1
DA:57,1
DA:58,1
DA:59,1
DA:60,1
DA:61,1
DA:62,1
DA:63,1
DA:65,1
DA:66,1
DA:67,1
DA:68,1
DA:69,1
DA:70,1
DA:71,1
DA:72,1
DA:74,1
DA:75,1
DA:76,1
DA:77,1
DA:78,1
DA:79,1
DA:80,1
DA:82,1
DA:83,1
DA:84,1
DA:85,1
DA:86,1
DA:87,1
DA:88,1
DA:90,1
DA:91,1
DA:92,1
DA:93,1
DA:94,1
DA:95,1
DA:96,1
DA:97,1
DA:99,1
DA:100,1
DA:101,1
DA:102,1
DA:103,1
DA:104,1
DA:105,1
DA:106,1
DA:108,1
DA:109,1
DA:110,1
DA:111,1
DA:112,1
DA:113,1
DA:114,1
LF:101
LH:101
BRDA:3,0,0,9
BRDA:6,1,0,6
BRDA:12,2,0,12
BRDA:13,3,0,1
BRDA:15,4,0,0
BRDA:17,5,0,11
BRDA:18,6,0,2
BRDA:18,7,0,9
BRDA:23,8,0,2
BRDA:32,9,0,1
BRDA:42,10,0,1
BRDA:49,11,0,1
BRDA:56,12,0,1
BRDA:65,13,0,1
BRDA:74,14,0,1
BRDA:83,15,0,1
BRDA:90,16,0,1
BRDA:99,17,0,1
BRDA:108,18,0,1
BRF:19
BRH:18
end_of_record
TN:
SF:src/components/LoginForm.jsx
FN:3,LoginForm
FN:8,handleSubmit
FN:29,onChange
FN:39,onChange
FNF:4
FNH:4
FNDA:14,LoginForm
FNDA:2,handleSubmit
FNDA:2,onChange
FNDA:2,onChange
DA:1,1
DA:3,14
DA:4,14
DA:5,14
DA:6,14
DA:8,14
DA:9,2
DA:10,2
DA:11,2
DA:12,2
DA:13,1
DA:14,1
DA:15,1
DA:16,2
DA:18,14
DA:19,14
DA:20,14
DA:21,14
DA:22,14
DA:23,14
DA:24,14
DA:25,14
DA:26,14
DA:27,14
DA:28,14
DA:29,14
DA:30,14
DA:31,14
DA:32,14
DA:33,14
DA:34,14
DA:35,14
DA:36,14
DA:37,14
DA:38,14
DA:39,14
DA:40,14
DA:41,14
DA:42,14
DA:43,14
DA:44,14
DA:46,14
DA:47,14
DA:48,14
DA:50,14
LF:45
LH:45
BRDA:3,0,0,14
BRDA:21,1,0,1
BRDA:8,2,0,2
BRDA:12,3,0,1
BRDA:29,4,0,2
BRDA:39,5,0,2
BRF:6
BRH:6
end_of_record
TN:
SF:src/components/ProductForm.jsx
FN:4,ProductForm
FN:12,handleSubmit
FN:39,onChange
FN:50,onChange
FN:62,onChange
FN:74,onChange
FNF:6
FNH:1
FNDA:3,ProductForm
FNDA:0,handleSubmit
FNDA:0,onChange
FNDA:0,onChange
FNDA:0,onChange
FNDA:0,onChange
DA:1,1
DA:4,3
DA:5,3
DA:6,3
DA:7,3
DA:8,3
DA:9,3
DA:10,3
DA:12,3
DA:13,0
DA:14,0
DA:15,0
DA:16,0
DA:17,0
DA:18,0
DA:19,0
DA:20,0
DA:21,0
DA:22,0
DA:23,0
DA:24,0
DA:25,0
DA:26,0
DA:28,3
DA:29,3
DA:30,3
DA:31,3
DA:32,3
DA:33,3
DA:34,3
DA:35,3
DA:36,3
DA:37,3
DA:38,3
DA:39,3
DA:40,3
DA:41,3
DA:42,3
DA:43,3
DA:44,3
DA:45,3
DA:46,3
DA:47,3
DA:48,3
DA:49,3
DA:50,3
DA:51,3
DA:52,3
DA:53,3
DA:54,3
DA:55,3
DA:56,3
DA:57,3
DA:58,3
DA:59,3
DA:60,3
DA:61,3
DA:62,3
DA:63,3
DA:64,3
DA:65,3
DA:66,3
DA:67,3
DA:68,3
DA:69,3
DA:70,3
DA:71,3
DA:72,3
DA:73,3
DA:74,3
DA:75,3
DA:76,3
DA:77,3
DA:78,3
DA:79,3
DA:80,3
DA:81,3
DA:83,3
DA:84,3
DA:85,3
DA:87,3
LF:81
LH:67
BRDA:4,0,0,3
BRDA:6,1,0,1
BRDA:6,2,0,2
BRDA:7,3,0,1
BRDA:7,4,0,2
BRDA:8,5,0,1
BRDA:9,6,0,1
BRDA:9,7,0,2
BRDA:30,8,0,1
BRDA:30,9,0,2
BRDA:31,10,0,0
BRDA:79,11,0,1
BRDA:79,12,0,2
BRF:13
BRH:12
end_of_record
TN:
SF:src/components/ProductList.jsx
FN:5,ProductList
FN:13,loadProducts
FN:27,handleDelete
FN:37,handleEdit
FN:42,handleFormClose
FN:62,onClick
FN:81,onClick
FN:82,onClick
FNF:8
FNH:2
FNDA:23,ProductList
FNDA:12,loadProducts
FNDA:0,handleDelete
FNDA:0,handleEdit
FNDA:0,handleFormClose
FNDA:0,onClick
FNDA:0,onClick
FNDA:0,onClick
DA:1,1
DA:5,23
DA:6,23
DA:7,23
DA:8,23
DA:9,23
DA:11,23
DA:13,23
DA:14,12
DA:15,12
DA:16,11
DA:17,11
DA:18,12
DA:19,1
DA:20,1
DA:21,12
DA:23,23
DA:24,12
DA:25,23
DA:27,23
DA:28,0
DA:29,0
DA:30,0
DA:31,0
DA:32,0
DA:33,0
DA:34,0
DA:35,0
DA:37,23
DA:38,0
DA:39,0
DA:40,0
DA:42,23
DA:43,0
DA:44,0
DA:45,0
DA:46,0
DA:48,23
DA:49,0
DA:50,0
DA:51,0
DA:52,0
DA:53,0
DA:55,0
DA:57,22
DA:58,22
DA:59,22
DA:60,22
DA:61,22
DA:62,4
DA:64,4
DA:66,23
DA:67,23
DA:68,23
DA:69,15
DA:71,7
DA:72,12
DA:73,12
DA:74,12
DA:75,12
DA:76,12
DA:77,10
DA:79,12
DA:80,4
DA:81,4
DA:82,4
DA:83,4
DA:85,12
DA:86,7
DA:88,23
DA:90,23
LF:71
LH:50
BRDA:5,0,0,23
BRDA:11,1,0,8
BRDA:48,2,0,0
BRDA:55,3,0,22
BRDA:61,4,0,4
BRDA:67,5,0,1
BRDA:68,6,0,15
BRDA:69,7,0,7
BRDA:13,8,0,12
BRDA:15,9,0,11
BRDA:18,10,0,1
BRDA:23,11,0,12
BRDA:71,12,0,12
BRDA:76,13,0,10
BRDA:79,14,0,4
BRF:15
BRH:14
end_of_record
TN:
SF:src/components/RegisterForm.jsx
FN:3,RegisterForm
FN:9,handleSubmit
FN:30,onChange
FN:42,onChange
FN:52,onChange
FNF:5
FNH:5
FNDA:16,RegisterForm
FNDA:2,handleSubmit
FNDA:2,onChange
FNDA:2,onChange
FNDA:2,onChange
DA:1,1
DA:3,16
DA:4,16
DA:5,16
DA:6,16
DA:7,16
DA:9,16
DA:10,2
DA:11,2
DA:12,2
DA:13,2
DA:14,1
DA:15,1
DA:16,1
DA:17,2
DA:19,16
DA:20,16
DA:21,16
DA:22,16
DA:23,16
DA:24,16
DA:25,16
DA:26,16
DA:27,16
DA:28,16
DA:29,16
DA:30,16
DA:31,16
DA:32,16
DA:33,16
DA:34,16
DA:35,16
DA:36,16
DA:37,16
DA:38,16
DA:39,16
DA:40,16
DA:41,16
DA:42,16
DA:43,16
DA:44,16
DA:45,16
DA:46,16
DA:47,16
DA:48,16
DA:49,16
DA:50,16
DA:51,16
DA:52,16
DA:53,16
DA:54,16
DA:55,16
DA:56,16
DA:57,16
DA:58,16
DA:60,16
DA:61,16
DA:62,16
DA:64,16
LF:59
LH:59
BRDA:3,0,0,16
BRDA:22,1,0,1
BRDA:9,2,0,2
BRDA:13,3,0,1
BRDA:30,4,0,2
BRDA:42,5,0,2
BRDA:52,6,0,2
BRF:7
BRH:7
end_of_record
TN:
SF:src/components/ReviewForm.jsx
FN:4,ReviewForm
FN:12,handleSubmit
FN:39,onChange
FN:48,onChange
FN:57,onChange
FN:69,onChange
FNF:6
FNH:6
FNDA:20,ReviewForm
FNDA:3,handleSubmit
FNDA:3,onChange
FNDA:2,onChange
FNDA:1,onChange
FNDA:1,onChange
DA:1,1
DA:4,20
DA:5,20
DA:6,20
DA:7,20
DA:8,20
DA:9,20
DA:10,20
DA:12,20
DA:13,3
DA:14,3
DA:15,3
DA:16,3
DA:17,3
DA:18,1
DA:19,3
DA:20,2
DA:21,1
DA:22,2
DA:23,3
DA:24,1
DA:25,1
DA:26,3
DA:28,20
DA:29,20
DA:30,20
DA:31,20
DA:32,20
DA:33,20
DA:34,20
DA:35,20
DA:36,20
DA:37,20
DA:38,20
DA:39,20
DA:40,20
DA:41,20
DA:42,20
DA:43,20
DA:44,20
DA:45,20
DA:46,20
DA:47,20
DA:48,20
DA:49,20
DA:50,20
DA:51,20
DA:52,20
DA:53,20
DA:54,20
DA:55,20
DA:56,20
DA:57,20
DA:59,20
DA:60,100
DA:61,20
DA:62,20
DA:63,20
DA:64,20
DA:65,20
DA:66,20
DA:67,20
DA:68,20
DA:69,20
DA:70,20
DA:72,20
DA:73,40
DA:74,20
DA:75,20
DA:76,20
DA:77,20
DA:78,20
DA:79,20
DA:80,20
DA:82,20
DA:83,20
DA:84,20
DA:86,20
LF:78
LH:78
BRDA:4,0,0,20
BRDA:6,1,0,5
BRDA:6,2,0,15
BRDA:7,3,0,5
BRDA:7,4,0,15
BRDA:8,5,0,5
BRDA:8,6,0,15
BRDA:9,7,0,5
BRDA:9,8,0,15
BRDA:9,9,0,0
BRDA:30,10,0,5
BRDA:30,11,0,15
BRDA:31,12,0,1
BRDA:78,13,0,5
BRDA:78,14,0,15
BRDA:12,15,0,3
BRDA:17,16,0,1
BRDA:19,17,0,2
BRDA:20,18,0,1
BRDA:23,19,0,1
BRDA:39,20,0,3
BRDA:48,21,0,2
BRDA:57,22,0,1
BRDA:59,23,0,100
BRDA:69,24,0,1
BRDA:72,25,0,40
BRF:26
BRH:25
end_of_record
TN:
SF:src/components/ReviewList.jsx
FN:5,ReviewList
FN:12,loadData
FN:27,handleDelete
FN:37,handleEdit
FN:42,handleFormClose
FN:48,getProductName
FN:68,onClick
FN:88,onClick
FN:91,onClick
FNF:9
FNH:3
FNDA:23,ReviewList
FNDA:11,loadData
FNDA:0,handleDelete
FNDA:0,handleEdit
FNDA:0,handleFormClose
FNDA:17,getProductName
FNDA:0,onClick
FNDA:0,onClick
FNDA:0,onClick
DA:1,1
DA:5,23
DA:6,23
DA:7,23
DA:8,23
DA:9,23
DA:10,23
DA:12,23
DA:13,11
DA:14,11
DA:15,10
DA:16,10
DA:17,10
DA:18,11
DA:19,1
DA:20,1
DA:21,11
DA:23,23
DA:24,11
DA:25,23
DA:27,23
DA:28,0
DA:29,0
DA:30,0
DA:31,0
DA:32,0
DA:33,0
DA:34,0
DA:35,0
DA:37,23
DA:38,0
DA:39,0
DA:40,0
DA:42,23
DA:43,0
DA:44,0
DA:45,0
DA:46,0
DA:48,23
DA:49,17
DA:50,17
DA:51,17
DA:53,23
DA:54,0
DA:55,0
DA:56,0
DA:57,0
DA:58,0
DA:59,0
DA:61,0
DA:63,22
DA:64,22
DA:65,22
DA:66,22
DA:67,22
DA:68,4
DA:70,4
DA:72,23
DA:73,23
DA:74,23
DA:75,13
DA:77,9
DA:78,17
DA:79,17
DA:80,17
DA:81,17
DA:82,17
DA:83,17
DA:84,17
DA:85,17
DA:86,17
DA:87,4
DA:88,4
DA:90,4
DA:91,4
DA:93,4
DA:94,4
DA:96,17
DA:97,9
DA:99,23
DA:101,23
LF:81
LH:59
BRDA:5,0,0,23
BRDA:53,1,0,0
BRDA:61,2,0,22
BRDA:67,3,0,4
BRDA:73,4,0,1
BRDA:74,5,0,13
BRDA:75,6,0,9
BRDA:12,7,0,11
BRDA:14,8,0,10
BRDA:18,9,0,1
BRDA:23,10,0,11
BRDA:48,11,0,17
BRDA:50,12,0,0
BRDA:49,13,0,25
BRDA:77,14,0,17
BRDA:84,15,0,1
BRDA:86,16,0,4
BRF:17
BRH:15
end_of_record
